<?xml version="1.0" encoding="UTF-8" standalone="no"?>
<testsuite errors="0" failures="0" name="io.cucumber.core.plugin.JUnitFormatter" skipped="0" tests="1" time="4.951">
    <testcase classname="Purchase items on secret sauce" name="Purchase items and verify the purchase" time="4.771">
        <system-out>
            <![CDATA[Given the user standard_user with the password secret_sauce is logged in....passed
When the user adds the following items to the cart..........................passed
When the user checks out the items..........................................passed
Then the purchase is verified via a confirmation page.......................passed
]]>
        </system-out>
    </testcase>
</testsuite>
